
  .   ____          _            __ _ _
 /\\ / ___'_ __ _ _(_)_ __  __ _ \ \ \ \
( ( )\___ | '_ | '_| | '_ \/ _` | \ \ \ \
 \\/  ___)| |_)| | | | | || (_| |  ) ) ) )
  '  |____| .__|_| |_|_| |_\__, | / / / /
 =========|_|==============|___/=/_/_/_/

 :: Spring Boot ::                (v3.5.6)

2025-10-09T21:45:46.484+05:30  INFO 1324 --- [bookiesBackend] [           main] com.bookies.BookiesBackendApplication    : Starting BookiesBackendApplication v0.0.1-SNAPSHOT using Java 23.0.2 with PID 1324 (C:\JFS-bookies\bookies-backend\target\bookies-backend-0.0.1-SNAPSHOT.jar started by P Bhavya Sri in C:\JFS-bookies\bookies-backend)
2025-10-09T21:45:46.494+05:30  INFO 1324 --- [bookiesBackend] [           main] com.bookies.BookiesBackendApplication    : No active profile set, falling back to 1 default profile: "default"
2025-10-09T21:45:49.692+05:30  INFO 1324 --- [bookiesBackend] [           main] .s.d.r.c.RepositoryConfigurationDelegate : Bootstrapping Spring Data JPA repositories in DEFAULT mode.
2025-10-09T21:45:49.861+05:30  INFO 1324 --- [bookiesBackend] [           main] .s.d.r.c.RepositoryConfigurationDelegate : Finished Spring Data repository scanning in 141 ms. Found 3 JPA repository interfaces.
2025-10-09T21:45:51.866+05:30  INFO 1324 --- [bookiesBackend] [           main] o.s.b.w.embedded.tomcat.TomcatWebServer  : Tomcat initialized with port 9091 (http)
2025-10-09T21:45:51.922+05:30  INFO 1324 --- [bookiesBackend] [           main] o.apache.catalina.core.StandardService   : Starting service [Tomcat]
2025-10-09T21:45:51.924+05:30  INFO 1324 --- [bookiesBackend] [           main] o.apache.catalina.core.StandardEngine    : Starting Servlet engine: [Apache Tomcat/10.1.46]
2025-10-09T21:45:52.058+05:30  INFO 1324 --- [bookiesBackend] [           main] o.a.c.c.C.[Tomcat].[localhost].[/]       : Initializing Spring embedded WebApplicationContext
2025-10-09T21:45:52.063+05:30  INFO 1324 --- [bookiesBackend] [           main] w.s.c.ServletWebServerApplicationContext : Root WebApplicationContext: initialization completed in 5125 ms
2025-10-09T21:45:52.697+05:30  INFO 1324 --- [bookiesBackend] [           main] o.hibernate.jpa.internal.util.LogHelper  : HHH000204: Processing PersistenceUnitInfo [name: default]
2025-10-09T21:45:52.932+05:30  INFO 1324 --- [bookiesBackend] [           main] org.hibernate.Version                    : HHH000412: Hibernate ORM core version 6.6.29.Final
2025-10-09T21:45:53.093+05:30  INFO 1324 --- [bookiesBackend] [           main] o.h.c.internal.RegionFactoryInitiator    : HHH000026: Second-level cache disabled
2025-10-09T21:45:54.571+05:30  INFO 1324 --- [bookiesBackend] [           main] o.s.o.j.p.SpringPersistenceUnitInfo      : No LoadTimeWeaver setup: ignoring JPA class transformer
2025-10-09T21:45:54.804+05:30  INFO 1324 --- [bookiesBackend] [           main] com.zaxxer.hikari.HikariDataSource       : HikariPool-1 - Starting...
2025-10-09T21:45:55.650+05:30  INFO 1324 --- [bookiesBackend] [           main] com.zaxxer.hikari.pool.HikariPool        : HikariPool-1 - Added connection com.mysql.cj.jdbc.ConnectionImpl@352e5a82
2025-10-09T21:45:55.667+05:30  INFO 1324 --- [bookiesBackend] [           main] com.zaxxer.hikari.HikariDataSource       : HikariPool-1 - Start completed.
2025-10-09T21:45:56.032+05:30  WARN 1324 --- [bookiesBackend] [           main] org.hibernate.orm.deprecation            : HHH90000025: MySQL8Dialect does not need to be specified explicitly using 'hibernate.dialect' (remove the property setting and it will be selected by default)
2025-10-09T21:45:56.046+05:30  WARN 1324 --- [bookiesBackend] [           main] org.hibernate.orm.deprecation            : HHH90000026: MySQL8Dialect has been deprecated; use org.hibernate.dialect.MySQLDialect instead
2025-10-09T21:45:56.205+05:30  INFO 1324 --- [bookiesBackend] [           main] org.hibernate.orm.connections.pooling    : HHH10001005: Database info:
	Database JDBC URL [Connecting through datasource 'HikariDataSource (HikariPool-1)']
	Database driver: undefined/unknown
	Database version: 8.0
	Autocommit mode: undefined/unknown
	Isolation level: undefined/unknown
	Minimum pool size: undefined/unknown
	Maximum pool size: undefined/unknown
2025-10-09T21:45:59.449+05:30  INFO 1324 --- [bookiesBackend] [           main] o.h.e.t.j.p.i.JtaPlatformInitiator       : HHH000489: No JTA platform available (set 'hibernate.transaction.jta.platform' to enable JTA platform integration)
2025-10-09T21:45:59.611+05:30  INFO 1324 --- [bookiesBackend] [           main] j.LocalContainerEntityManagerFactoryBean : Initialized JPA EntityManagerFactory for persistence unit 'default'
2025-10-09T21:46:01.483+05:30  WARN 1324 --- [bookiesBackend] [           main] JpaBaseConfiguration$JpaWebConfiguration : spring.jpa.open-in-view is enabled by default. Therefore, database queries may be performed during view rendering. Explicitly configure spring.jpa.open-in-view to disable this warning
2025-10-09T21:46:01.686+05:30  WARN 1324 --- [bookiesBackend] [           main] .s.s.UserDetailsServiceAutoConfiguration : 

Using generated security password: d9358eeb-4517-4aa9-bf76-db6cde3ee52a

This generated password is for development use only. Your security configuration must be updated before running your application in production.

2025-10-09T21:46:01.740+05:30  INFO 1324 --- [bookiesBackend] [           main] r$InitializeUserDetailsManagerConfigurer : Global AuthenticationManager configured with UserDetailsService bean with name inMemoryUserDetailsManager
2025-10-09T21:46:04.241+05:30  INFO 1324 --- [bookiesBackend] [           main] o.s.b.w.embedded.tomcat.TomcatWebServer  : Tomcat started on port 9091 (http) with context path '/'
2025-10-09T21:46:04.324+05:30  INFO 1324 --- [bookiesBackend] [           main] com.bookies.BookiesBackendApplication    : Started BookiesBackendApplication in 20.026 seconds (process running for 22.749)
Hibernate: select u1_0.id,u1_0.email,u1_0.name,u1_0.password,u1_0.role from user u1_0 where u1_0.email=?
2025-10-09T21:51:02.489+05:30  INFO 1324 --- [bookiesBackend] [nio-9091-exec-7] o.a.c.c.C.[Tomcat].[localhost].[/]       : Initializing Spring DispatcherServlet 'dispatcherServlet'
2025-10-09T21:51:02.492+05:30  INFO 1324 --- [bookiesBackend] [nio-9091-exec-7] o.s.web.servlet.DispatcherServlet        : Initializing Servlet 'dispatcherServlet'
2025-10-09T21:51:02.495+05:30  INFO 1324 --- [bookiesBackend] [nio-9091-exec-7] o.s.web.servlet.DispatcherServlet        : Completed initialization in 1 ms
Hibernate: select u1_0.id,u1_0.email,u1_0.name,u1_0.password,u1_0.role from user u1_0 where u1_0.email=?
